
*** Running vivado
    with args -log bf_mul.vds -m64 -product Vivado -mode batch -messageDb vivado.pb -notrace -source bf_mul.tcl


****** Vivado v2024.2 (64-bit)
  **** SW Build 5239630 on Fri Nov 08 22:34:34 MST 2024
  **** IP Build 5239520 on Sun Nov 10 16:12:51 MST 2024
  **** SharedData Build 5239561 on Fri Nov 08 14:39:27 MST 2024
  **** Start of session at: Tue Oct 28 19:44:42 2025
    ** Copyright 1986-2022 Xilinx, Inc. All Rights Reserved.
    ** Copyright 2022-2024 Advanced Micro Devices, Inc. All Rights Reserved.

source bf_mul.tcl -notrace
INFO: [IP_Flow 19-6924] IPCACHE: Running cache check for IP inst: bf_mul
Command: synth_design -top bf_mul -part xck26-sfvc784-2LV-c -incremental_mode off -mode out_of_context
Starting synth_design
Attempting to get a license for feature 'Synthesis' and/or device 'xck26'
INFO: [Common 17-349] Got license for feature 'Synthesis' and/or device 'xck26'
INFO: [Device 21-403] Loading part xck26-sfvc784-2LV-c
INFO: [Synth 8-7079] Multithreading enabled for synth_design using a maximum of 7 processes.
INFO: [Synth 8-7078] Launching helper process for spawning children vivado processes
INFO: [Synth 8-7075] Helper process launched with PID 12241
---------------------------------------------------------------------------------
Starting RTL Elaboration : Time (s): cpu = 00:00:02 ; elapsed = 00:00:03 . Memory (MB): peak = 2420.332 ; gain = 126.688 ; free physical = 4836 ; free virtual = 9689
---------------------------------------------------------------------------------
INFO: [Synth 8-6157] synthesizing module 'bf_mul' [/home/alhua/VivadoProject/RMSnorm/MinimumSystem.gen/sources_1/ip/bf_mul/synth/bf_mul.v:53]
INFO: [Synth 8-6157] synthesizing module 'LUT1' [/home/alhua/vivado/Vivado/2024.2/scripts/rt/data/unisim_comp.v:84087]
INFO: [Synth 8-6155] done synthesizing module 'LUT1' (0#1) [/home/alhua/vivado/Vivado/2024.2/scripts/rt/data/unisim_comp.v:84087]
INFO: [Synth 8-6155] done synthesizing module 'bf_mul' (0#1) [/home/alhua/VivadoProject/RMSnorm/MinimumSystem.gen/sources_1/ip/bf_mul/synth/bf_mul.v:53]
WARNING: [Synth 8-7129] Port CLK in module xbip_pipe_v3_0_10_viv__parameterized9 is either unconnected or has no load
WARNING: [Synth 8-7129] Port CE in module xbip_pipe_v3_0_10_viv__parameterized9 is either unconnected or has no load
WARNING: [Synth 8-7129] Port SCLR in module xbip_pipe_v3_0_10_viv__parameterized9 is either unconnected or has no load
WARNING: [Synth 8-7129] Port SSET in module xbip_pipe_v3_0_10_viv__parameterized9 is either unconnected or has no load
WARNING: [Synth 8-7129] Port SINIT in module xbip_pipe_v3_0_10_viv__parameterized9 is either unconnected or has no load
WARNING: [Synth 8-7129] Port CLK in module xbip_pipe_v3_0_10_viv__parameterized5 is either unconnected or has no load
WARNING: [Synth 8-7129] Port CE in module xbip_pipe_v3_0_10_viv__parameterized5 is either unconnected or has no load
WARNING: [Synth 8-7129] Port SCLR in module xbip_pipe_v3_0_10_viv__parameterized5 is either unconnected or has no load
WARNING: [Synth 8-7129] Port SSET in module xbip_pipe_v3_0_10_viv__parameterized5 is either unconnected or has no load
WARNING: [Synth 8-7129] Port SINIT in module xbip_pipe_v3_0_10_viv__parameterized5 is either unconnected or has no load
WARNING: [Synth 8-7129] Port DEC_OP_STATE[11] in module flt_dec_op_lat is either unconnected or has no load
WARNING: [Synth 8-7129] Port DEC_OP_STATE[10] in module flt_dec_op_lat is either unconnected or has no load
WARNING: [Synth 8-7129] Port DEC_OP_STATE[9] in module flt_dec_op_lat is either unconnected or has no load
WARNING: [Synth 8-7129] Port DEC_OP_STATE[8] in module flt_dec_op_lat is either unconnected or has no load
WARNING: [Synth 8-7129] Port DIVIDE_BY_ZERO_IN in module flt_dec_op_lat is either unconnected or has no load
WARNING: [Synth 8-7129] Port CLK in module xbip_pipe_v3_0_10_viv__parameterized47 is either unconnected or has no load
WARNING: [Synth 8-7129] Port CE in module xbip_pipe_v3_0_10_viv__parameterized47 is either unconnected or has no load
WARNING: [Synth 8-7129] Port SCLR in module xbip_pipe_v3_0_10_viv__parameterized47 is either unconnected or has no load
WARNING: [Synth 8-7129] Port SSET in module xbip_pipe_v3_0_10_viv__parameterized47 is either unconnected or has no load
WARNING: [Synth 8-7129] Port SINIT in module xbip_pipe_v3_0_10_viv__parameterized47 is either unconnected or has no load
WARNING: [Synth 8-7129] Port B[7] in module carry_chain__parameterized4 is either unconnected or has no load
WARNING: [Synth 8-7129] Port SCLR in module xbip_pipe_v3_0_10_viv__parameterized33 is either unconnected or has no load
WARNING: [Synth 8-7129] Port SSET in module xbip_pipe_v3_0_10_viv__parameterized33 is either unconnected or has no load
WARNING: [Synth 8-7129] Port SINIT in module xbip_pipe_v3_0_10_viv__parameterized33 is either unconnected or has no load
WARNING: [Synth 8-7129] Port SCLR in module xbip_pipe_v3_0_10_viv__parameterized51 is either unconnected or has no load
WARNING: [Synth 8-7129] Port SSET in module xbip_pipe_v3_0_10_viv__parameterized51 is either unconnected or has no load
WARNING: [Synth 8-7129] Port SINIT in module xbip_pipe_v3_0_10_viv__parameterized51 is either unconnected or has no load
WARNING: [Synth 8-7129] Port CLK in module xbip_pipe_v3_0_10_viv__parameterized43 is either unconnected or has no load
WARNING: [Synth 8-7129] Port CE in module xbip_pipe_v3_0_10_viv__parameterized43 is either unconnected or has no load
WARNING: [Synth 8-7129] Port SCLR in module xbip_pipe_v3_0_10_viv__parameterized43 is either unconnected or has no load
WARNING: [Synth 8-7129] Port SSET in module xbip_pipe_v3_0_10_viv__parameterized43 is either unconnected or has no load
WARNING: [Synth 8-7129] Port SINIT in module xbip_pipe_v3_0_10_viv__parameterized43 is either unconnected or has no load
WARNING: [Synth 8-7129] Port CLK in module xbip_pipe_v3_0_10_viv__parameterized13 is either unconnected or has no load
WARNING: [Synth 8-7129] Port CE in module xbip_pipe_v3_0_10_viv__parameterized13 is either unconnected or has no load
WARNING: [Synth 8-7129] Port SCLR in module xbip_pipe_v3_0_10_viv__parameterized13 is either unconnected or has no load
WARNING: [Synth 8-7129] Port SSET in module xbip_pipe_v3_0_10_viv__parameterized13 is either unconnected or has no load
WARNING: [Synth 8-7129] Port SINIT in module xbip_pipe_v3_0_10_viv__parameterized13 is either unconnected or has no load
WARNING: [Synth 8-7129] Port NORMALIZE[1] in module flt_round_bit is either unconnected or has no load
WARNING: [Synth 8-7129] Port FIXED_POINT in module flt_round_bit is either unconnected or has no load
WARNING: [Synth 8-7129] Port FIX_MANT_SIGN in module flt_round_bit is either unconnected or has no load
WARNING: [Synth 8-7129] Port SIGN in module flt_round_bit is either unconnected or has no load
WARNING: [Synth 8-7129] Port CLK in module xbip_pipe_v3_0_10_viv__parameterized49 is either unconnected or has no load
WARNING: [Synth 8-7129] Port CE in module xbip_pipe_v3_0_10_viv__parameterized49 is either unconnected or has no load
WARNING: [Synth 8-7129] Port SCLR in module xbip_pipe_v3_0_10_viv__parameterized49 is either unconnected or has no load
WARNING: [Synth 8-7129] Port SSET in module xbip_pipe_v3_0_10_viv__parameterized49 is either unconnected or has no load
WARNING: [Synth 8-7129] Port SINIT in module xbip_pipe_v3_0_10_viv__parameterized49 is either unconnected or has no load
WARNING: [Synth 8-7129] Port SCLR in module xbip_pipe_v3_0_10_viv__parameterized45 is either unconnected or has no load
WARNING: [Synth 8-7129] Port SSET in module xbip_pipe_v3_0_10_viv__parameterized45 is either unconnected or has no load
WARNING: [Synth 8-7129] Port SINIT in module xbip_pipe_v3_0_10_viv__parameterized45 is either unconnected or has no load
WARNING: [Synth 8-7129] Port CLK in module xbip_pipe_v3_0_10_viv__parameterized41 is either unconnected or has no load
WARNING: [Synth 8-7129] Port CE in module xbip_pipe_v3_0_10_viv__parameterized41 is either unconnected or has no load
WARNING: [Synth 8-7129] Port SCLR in module xbip_pipe_v3_0_10_viv__parameterized41 is either unconnected or has no load
WARNING: [Synth 8-7129] Port SSET in module xbip_pipe_v3_0_10_viv__parameterized41 is either unconnected or has no load
WARNING: [Synth 8-7129] Port SINIT in module xbip_pipe_v3_0_10_viv__parameterized41 is either unconnected or has no load
WARNING: [Synth 8-7129] Port CLK in module xbip_pipe_v3_0_10_viv__parameterized39 is either unconnected or has no load
WARNING: [Synth 8-7129] Port CE in module xbip_pipe_v3_0_10_viv__parameterized39 is either unconnected or has no load
WARNING: [Synth 8-7129] Port SCLR in module xbip_pipe_v3_0_10_viv__parameterized39 is either unconnected or has no load
WARNING: [Synth 8-7129] Port SSET in module xbip_pipe_v3_0_10_viv__parameterized39 is either unconnected or has no load
WARNING: [Synth 8-7129] Port SINIT in module xbip_pipe_v3_0_10_viv__parameterized39 is either unconnected or has no load
WARNING: [Synth 8-7129] Port MANT_CASC_IN[47] in module flt_mult_round is either unconnected or has no load
WARNING: [Synth 8-7129] Port MANT_CASC_IN[46] in module flt_mult_round is either unconnected or has no load
WARNING: [Synth 8-7129] Port MANT_CASC_IN[45] in module flt_mult_round is either unconnected or has no load
WARNING: [Synth 8-7129] Port MANT_CASC_IN[44] in module flt_mult_round is either unconnected or has no load
WARNING: [Synth 8-7129] Port MANT_CASC_IN[43] in module flt_mult_round is either unconnected or has no load
WARNING: [Synth 8-7129] Port MANT_CASC_IN[42] in module flt_mult_round is either unconnected or has no load
WARNING: [Synth 8-7129] Port MANT_CASC_IN[41] in module flt_mult_round is either unconnected or has no load
WARNING: [Synth 8-7129] Port MANT_CASC_IN[40] in module flt_mult_round is either unconnected or has no load
WARNING: [Synth 8-7129] Port MANT_CASC_IN[39] in module flt_mult_round is either unconnected or has no load
WARNING: [Synth 8-7129] Port MANT_CASC_IN[38] in module flt_mult_round is either unconnected or has no load
WARNING: [Synth 8-7129] Port MANT_CASC_IN[37] in module flt_mult_round is either unconnected or has no load
WARNING: [Synth 8-7129] Port MANT_CASC_IN[36] in module flt_mult_round is either unconnected or has no load
WARNING: [Synth 8-7129] Port MANT_CASC_IN[35] in module flt_mult_round is either unconnected or has no load
WARNING: [Synth 8-7129] Port MANT_CASC_IN[34] in module flt_mult_round is either unconnected or has no load
WARNING: [Synth 8-7129] Port MANT_CASC_IN[33] in module flt_mult_round is either unconnected or has no load
WARNING: [Synth 8-7129] Port MANT_CASC_IN[32] in module flt_mult_round is either unconnected or has no load
WARNING: [Synth 8-7129] Port MANT_CASC_IN[31] in module flt_mult_round is either unconnected or has no load
WARNING: [Synth 8-7129] Port MANT_CASC_IN[30] in module flt_mult_round is either unconnected or has no load
WARNING: [Synth 8-7129] Port MANT_CASC_IN[29] in module flt_mult_round is either unconnected or has no load
WARNING: [Synth 8-7129] Port MANT_CASC_IN[28] in module flt_mult_round is either unconnected or has no load
WARNING: [Synth 8-7129] Port MANT_CASC_IN[27] in module flt_mult_round is either unconnected or has no load
WARNING: [Synth 8-7129] Port MANT_CASC_IN[26] in module flt_mult_round is either unconnected or has no load
WARNING: [Synth 8-7129] Port MANT_CASC_IN[25] in module flt_mult_round is either unconnected or has no load
WARNING: [Synth 8-7129] Port MANT_CASC_IN[24] in module flt_mult_round is either unconnected or has no load
WARNING: [Synth 8-7129] Port MANT_CASC_IN[23] in module flt_mult_round is either unconnected or has no load
WARNING: [Synth 8-7129] Port MANT_CASC_IN[22] in module flt_mult_round is either unconnected or has no load
WARNING: [Synth 8-7129] Port MANT_CASC_IN[21] in module flt_mult_round is either unconnected or has no load
WARNING: [Synth 8-7129] Port MANT_CASC_IN[20] in module flt_mult_round is either unconnected or has no load
WARNING: [Synth 8-7129] Port MANT_CASC_IN[19] in module flt_mult_round is either unconnected or has no load
WARNING: [Synth 8-7129] Port MANT_CASC_IN[18] in module flt_mult_round is either unconnected or has no load
WARNING: [Synth 8-7129] Port MANT_CASC_IN[17] in module flt_mult_round is either unconnected or has no load
WARNING: [Synth 8-7129] Port MANT_CASC_IN[16] in module flt_mult_round is either unconnected or has no load
WARNING: [Synth 8-7129] Port MANT_CASC_IN[15] in module flt_mult_round is either unconnected or has no load
WARNING: [Synth 8-7129] Port MANT_CASC_IN[14] in module flt_mult_round is either unconnected or has no load
WARNING: [Synth 8-7129] Port MANT_CASC_IN[13] in module flt_mult_round is either unconnected or has no load
WARNING: [Synth 8-7129] Port MANT_CASC_IN[12] in module flt_mult_round is either unconnected or has no load
WARNING: [Synth 8-7129] Port MANT_CASC_IN[11] in module flt_mult_round is either unconnected or has no load
WARNING: [Synth 8-7129] Port MANT_CASC_IN[10] in module flt_mult_round is either unconnected or has no load
WARNING: [Synth 8-7129] Port MANT_CASC_IN[9] in module flt_mult_round is either unconnected or has no load
WARNING: [Synth 8-7129] Port MANT_CASC_IN[8] in module flt_mult_round is either unconnected or has no load
WARNING: [Synth 8-7129] Port MANT_CASC_IN[7] in module flt_mult_round is either unconnected or has no load
INFO: [Common 17-14] Message 'Synth 8-7129' appears 100 times and further instances of the messages will be disabled. Use the Tcl command set_msg_config to change the current settings.
---------------------------------------------------------------------------------
Finished RTL Elaboration : Time (s): cpu = 00:00:04 ; elapsed = 00:00:05 . Memory (MB): peak = 2575.301 ; gain = 281.656 ; free physical = 4756 ; free virtual = 9597
---------------------------------------------------------------------------------
---------------------------------------------------------------------------------
Start Handling Custom Attributes
---------------------------------------------------------------------------------
---------------------------------------------------------------------------------
Finished Handling Custom Attributes : Time (s): cpu = 00:00:05 ; elapsed = 00:00:05 . Memory (MB): peak = 2575.301 ; gain = 281.656 ; free physical = 4756 ; free virtual = 9597
---------------------------------------------------------------------------------
---------------------------------------------------------------------------------
Finished RTL Optimization Phase 1 : Time (s): cpu = 00:00:05 ; elapsed = 00:00:05 . Memory (MB): peak = 2575.301 ; gain = 281.656 ; free physical = 4756 ; free virtual = 9597
---------------------------------------------------------------------------------
Netlist sorting complete. Time (s): cpu = 00:00:00 ; elapsed = 00:00:00.01 . Memory (MB): peak = 2583.301 ; gain = 0.000 ; free physical = 4755 ; free virtual = 9596
INFO: [Netlist 29-17] Analyzing 61 Unisim elements for replacement
INFO: [Netlist 29-28] Unisim Transformation completed in 0 CPU seconds
INFO: [Project 1-570] Preparing netlist for logic optimization

Processing XDC Constraints
Initializing timing engine
Parsing XDC File [/home/alhua/VivadoProject/RMSnorm/MinimumSystem.gen/sources_1/ip/bf_mul/bf_mul_ooc.xdc] for cell 'inst'
Finished Parsing XDC File [/home/alhua/VivadoProject/RMSnorm/MinimumSystem.gen/sources_1/ip/bf_mul/bf_mul_ooc.xdc] for cell 'inst'
Parsing XDC File [/home/alhua/VivadoProject/RMSnorm/RMSnorm.runs/bf_mul_synth_1/dont_touch.xdc]
Finished Parsing XDC File [/home/alhua/VivadoProject/RMSnorm/RMSnorm.runs/bf_mul_synth_1/dont_touch.xdc]
Completed Processing XDC Constraints

Netlist sorting complete. Time (s): cpu = 00:00:00 ; elapsed = 00:00:00 . Memory (MB): peak = 2653.270 ; gain = 0.000 ; free physical = 4673 ; free virtual = 9512
INFO: [Project 1-111] Unisim Transformation Summary:
  A total of 5 instances were transformed.
  DSP48E2 => DSP48E2 (DSP_ALU, DSP_A_B_DATA, DSP_C_DATA, DSP_MULTIPLIER, DSP_M_DATA, DSP_OUTPUT, DSP_PREADD, DSP_PREADD_DATA): 1 instance 
  FDE => FDRE: 4 instances

Constraint Validation Runtime : Time (s): cpu = 00:00:00.02 ; elapsed = 00:00:00.01 . Memory (MB): peak = 2653.270 ; gain = 0.000 ; free physical = 4673 ; free virtual = 9512
INFO: [Designutils 20-5008] Incremental synthesis strategy off
---------------------------------------------------------------------------------
Finished Constraint Validation : Time (s): cpu = 00:00:10 ; elapsed = 00:00:11 . Memory (MB): peak = 2653.270 ; gain = 359.625 ; free physical = 4328 ; free virtual = 9167
---------------------------------------------------------------------------------
---------------------------------------------------------------------------------
Start Loading Part and Timing Information
---------------------------------------------------------------------------------
Loading part: xck26-sfvc784-2LV-c
INFO: [Synth 8-6742] Reading net delay rules and data
---------------------------------------------------------------------------------
Finished Loading Part and Timing Information : Time (s): cpu = 00:00:10 ; elapsed = 00:00:11 . Memory (MB): peak = 2661.273 ; gain = 367.629 ; free physical = 4328 ; free virtual = 9167
---------------------------------------------------------------------------------
---------------------------------------------------------------------------------
Start Applying 'set_property' XDC Constraints
---------------------------------------------------------------------------------
Applied set_property KEEP_HIERARCHY = SOFT for inst. (constraint file  /home/alhua/VivadoProject/RMSnorm/RMSnorm.runs/bf_mul_synth_1/dont_touch.xdc, line 9).
---------------------------------------------------------------------------------
Finished applying 'set_property' XDC Constraints : Time (s): cpu = 00:00:10 ; elapsed = 00:00:11 . Memory (MB): peak = 2661.273 ; gain = 367.629 ; free physical = 4320 ; free virtual = 9160
---------------------------------------------------------------------------------
---------------------------------------------------------------------------------
Finished RTL Optimization Phase 2 : Time (s): cpu = 00:00:11 ; elapsed = 00:00:11 . Memory (MB): peak = 2661.273 ; gain = 367.629 ; free physical = 4192 ; free virtual = 9033
---------------------------------------------------------------------------------
INFO: [Synth 8-223] decloning instance 'inst/i_synth/MULT.OP/i_non_prim.R_AND_R/LOGIC.R_AND_R/EXTRA_LSB_BIT_DEL' (delay__parameterized13) to 'inst/i_synth/MULT.OP/i_non_prim.R_AND_R/LOGIC.R_AND_R/EXTRA_LSB_RND1_DEL'
INFO: [Synth 8-223] decloning instance 'inst/i_synth/MULT.OP/i_non_prim.R_AND_R/LOGIC.R_AND_R/EXP_INC_DELAY' (delay__parameterized13) to 'inst/i_synth/MULT.OP/i_non_prim.R_AND_R/LOGIC.R_AND_R/EXP_INC_RND1_DELAY'
INFO: [Synth 8-223] decloning instance 'inst/i_synth/DELAY_DIVIDE_BY_ZERO' (delay__parameterized13) to 'inst/i_synth/DELAY_ACCUM_OVERFLOW'
INFO: [Synth 8-223] decloning instance 'inst/i_synth/DELAY_DIVIDE_BY_ZERO' (delay__parameterized13) to 'inst/i_synth/DELAY_ACCUM_INPUT_OVERFLOW'
---------------------------------------------------------------------------------
Start RTL Component Statistics 
---------------------------------------------------------------------------------
---------------------------------------------------------------------------------
Finished RTL Component Statistics 
---------------------------------------------------------------------------------
---------------------------------------------------------------------------------
Start Part Resource Summary
---------------------------------------------------------------------------------
Part Resources:
DSPs: 1248 (col length:96)
BRAMs: 288 (col length: RAMB18 96 RAMB36 48)
---------------------------------------------------------------------------------
Finished Part Resource Summary
---------------------------------------------------------------------------------
---------------------------------------------------------------------------------
Start Cross Boundary and Area Optimization
---------------------------------------------------------------------------------
WARNING: [Synth 8-7080] Parallel synthesis criteria is not met
---------------------------------------------------------------------------------
Finished Cross Boundary and Area Optimization : Time (s): cpu = 00:00:11 ; elapsed = 00:00:12 . Memory (MB): peak = 2661.273 ; gain = 367.629 ; free physical = 3954 ; free virtual = 8753
---------------------------------------------------------------------------------
---------------------------------------------------------------------------------
Start Applying XDC Timing Constraints
---------------------------------------------------------------------------------
---------------------------------------------------------------------------------
Finished Applying XDC Timing Constraints : Time (s): cpu = 00:00:17 ; elapsed = 00:00:17 . Memory (MB): peak = 3256.285 ; gain = 962.641 ; free physical = 4077 ; free virtual = 8915
---------------------------------------------------------------------------------
---------------------------------------------------------------------------------
Start Timing Optimization
---------------------------------------------------------------------------------
---------------------------------------------------------------------------------
Finished Timing Optimization : Time (s): cpu = 00:00:17 ; elapsed = 00:00:17 . Memory (MB): peak = 3285.332 ; gain = 991.688 ; free physical = 4053 ; free virtual = 8892
---------------------------------------------------------------------------------
---------------------------------------------------------------------------------
Start Technology Mapping
---------------------------------------------------------------------------------
---------------------------------------------------------------------------------
Finished Technology Mapping : Time (s): cpu = 00:00:17 ; elapsed = 00:00:17 . Memory (MB): peak = 3293.340 ; gain = 999.695 ; free physical = 4038 ; free virtual = 8876
---------------------------------------------------------------------------------
---------------------------------------------------------------------------------
Start IO Insertion
---------------------------------------------------------------------------------
---------------------------------------------------------------------------------
Start Flattening Before IO Insertion
---------------------------------------------------------------------------------
---------------------------------------------------------------------------------
Finished Flattening Before IO Insertion
---------------------------------------------------------------------------------
---------------------------------------------------------------------------------
Start Final Netlist Cleanup
---------------------------------------------------------------------------------
---------------------------------------------------------------------------------
Finished Final Netlist Cleanup
---------------------------------------------------------------------------------
---------------------------------------------------------------------------------
Finished IO Insertion : Time (s): cpu = 00:00:18 ; elapsed = 00:00:19 . Memory (MB): peak = 3430.152 ; gain = 1136.508 ; free physical = 3945 ; free virtual = 8790
---------------------------------------------------------------------------------
---------------------------------------------------------------------------------
Start Renaming Generated Instances
---------------------------------------------------------------------------------
---------------------------------------------------------------------------------
Finished Renaming Generated Instances : Time (s): cpu = 00:00:18 ; elapsed = 00:00:19 . Memory (MB): peak = 3430.152 ; gain = 1136.508 ; free physical = 3945 ; free virtual = 8790
---------------------------------------------------------------------------------
---------------------------------------------------------------------------------
Start Rebuilding User Hierarchy
---------------------------------------------------------------------------------
---------------------------------------------------------------------------------
Finished Rebuilding User Hierarchy : Time (s): cpu = 00:00:18 ; elapsed = 00:00:19 . Memory (MB): peak = 3430.152 ; gain = 1136.508 ; free physical = 3945 ; free virtual = 8790
---------------------------------------------------------------------------------
---------------------------------------------------------------------------------
Start Renaming Generated Ports
---------------------------------------------------------------------------------
---------------------------------------------------------------------------------
Finished Renaming Generated Ports : Time (s): cpu = 00:00:18 ; elapsed = 00:00:19 . Memory (MB): peak = 3430.152 ; gain = 1136.508 ; free physical = 3945 ; free virtual = 8790
---------------------------------------------------------------------------------
---------------------------------------------------------------------------------
Start Handling Custom Attributes
---------------------------------------------------------------------------------
---------------------------------------------------------------------------------
Finished Handling Custom Attributes : Time (s): cpu = 00:00:18 ; elapsed = 00:00:19 . Memory (MB): peak = 3430.152 ; gain = 1136.508 ; free physical = 3945 ; free virtual = 8790
---------------------------------------------------------------------------------
---------------------------------------------------------------------------------
Start Renaming Generated Nets
---------------------------------------------------------------------------------
---------------------------------------------------------------------------------
Finished Renaming Generated Nets : Time (s): cpu = 00:00:18 ; elapsed = 00:00:19 . Memory (MB): peak = 3430.152 ; gain = 1136.508 ; free physical = 3945 ; free virtual = 8790
---------------------------------------------------------------------------------
---------------------------------------------------------------------------------
Start Writing Synthesis Report
---------------------------------------------------------------------------------

DSP Final Report (the ' indicates corresponding REG is set)
+------------+---------------+--------+--------+--------+--------+--------+------+------+------+------+-------+------+------+
|Module Name | DSP Mapping   | A Size | B Size | C Size | D Size | P Size | AREG | BREG | CREG | DREG | ADREG | MREG | PREG | 
+------------+---------------+--------+--------+--------+--------+--------+------+------+------+------+-------+------+------+
|dsp         | (C+(A'*B')')' | 8      | 8      | 0      | -      | 45     | 1    | 1    | 0    | -    | -     | 1    | 1    | 
+------------+---------------+--------+--------+--------+--------+--------+------+------+------+------+-------+------+------+


Report BlackBoxes: 
+-+--------------+----------+
| |BlackBox name |Instances |
+-+--------------+----------+
+-+--------------+----------+

Report Cell Usage: 
+------+----------------+------+
|      |Cell            |Count |
+------+----------------+------+
|1     |DSP_ALU         |     1|
|2     |DSP_A_B_DATA    |     1|
|3     |DSP_C_DATA      |     1|
|4     |DSP_MULTIPLIER  |     1|
|5     |DSP_M_DATA      |     1|
|6     |DSP_OUTPUT      |     1|
|7     |DSP_PREADD      |     1|
|8     |DSP_PREADD_DATA |     1|
|9     |LUT1            |     5|
|10    |LUT2            |    17|
|11    |LUT3            |    53|
|12    |LUT4            |    10|
|13    |LUT5            |    13|
|14    |LUT6            |    20|
|15    |MUXCY           |    30|
|16    |SRL16E          |    24|
|17    |XORCY           |    26|
|18    |FDE             |     4|
|19    |FDRE            |   185|
|20    |FDSE            |     5|
+------+----------------+------+
---------------------------------------------------------------------------------
Finished Writing Synthesis Report : Time (s): cpu = 00:00:18 ; elapsed = 00:00:19 . Memory (MB): peak = 3430.152 ; gain = 1136.508 ; free physical = 3945 ; free virtual = 8790
---------------------------------------------------------------------------------
Synthesis finished with 0 errors, 0 critical warnings and 37 warnings.
Synthesis Optimization Runtime : Time (s): cpu = 00:00:15 ; elapsed = 00:00:16 . Memory (MB): peak = 3430.152 ; gain = 1058.539 ; free physical = 3945 ; free virtual = 8790
Synthesis Optimization Complete : Time (s): cpu = 00:00:18 ; elapsed = 00:00:19 . Memory (MB): peak = 3430.152 ; gain = 1136.508 ; free physical = 3945 ; free virtual = 8790
INFO: [Project 1-571] Translating synthesized netlist
Netlist sorting complete. Time (s): cpu = 00:00:00 ; elapsed = 00:00:00.01 . Memory (MB): peak = 3430.152 ; gain = 0.000 ; free physical = 3945 ; free virtual = 8790
INFO: [Netlist 29-17] Analyzing 61 Unisim elements for replacement
INFO: [Netlist 29-28] Unisim Transformation completed in 0 CPU seconds
INFO: [Project 1-570] Preparing netlist for logic optimization
INFO: [Opt 31-138] Pushed 0 inverter(s) to 0 load pin(s).
Netlist sorting complete. Time (s): cpu = 00:00:00 ; elapsed = 00:00:00 . Memory (MB): peak = 3430.152 ; gain = 0.000 ; free physical = 4134 ; free virtual = 8971
INFO: [Project 1-111] Unisim Transformation Summary:
  A total of 12 instances were transformed.
  (CARRY4) => CARRY8: 7 instances
  DSP48E2 => DSP48E2 (DSP_ALU, DSP_A_B_DATA, DSP_C_DATA, DSP_MULTIPLIER, DSP_M_DATA, DSP_OUTPUT, DSP_PREADD, DSP_PREADD_DATA): 1 instance 
  FDE => FDRE: 4 instances

Synth Design complete | Checksum: 8950cb97
INFO: [Common 17-83] Releasing license: Synthesis
28 Infos, 101 Warnings, 0 Critical Warnings and 0 Errors encountered.
synth_design completed successfully
synth_design: Time (s): cpu = 00:00:27 ; elapsed = 00:00:26 . Memory (MB): peak = 3430.152 ; gain = 1989.238 ; free physical = 4133 ; free virtual = 8971
INFO: [Common 17-2834] synth_design peak Physical Memory [PSS] (MB): overall = 2591.234; main = 2591.234; forked = 267.178
INFO: [Common 17-2834] synth_design peak Virtual Memory [VSS] (MB): overall = 3578.066; main = 3412.352; forked = 924.793
Write ShapeDB Complete: Time (s): cpu = 00:00:00.01 ; elapsed = 00:00:00 . Memory (MB): peak = 3436.359 ; gain = 0.000 ; free physical = 4133 ; free virtual = 8971
INFO: [Common 17-1381] The checkpoint '/home/alhua/VivadoProject/RMSnorm/RMSnorm.runs/bf_mul_synth_1/bf_mul.dcp' has been generated.
INFO: [Coretcl 2-1648] Added synthesis output to IP cache for IP bf_mul, cache-ID = b76ed8cf1bdb0248
INFO: [Coretcl 2-1174] Renamed 67 cell refs.
Write ShapeDB Complete: Time (s): cpu = 00:00:00 ; elapsed = 00:00:00 . Memory (MB): peak = 3436.359 ; gain = 0.000 ; free physical = 4134 ; free virtual = 8973
INFO: [Common 17-1381] The checkpoint '/home/alhua/VivadoProject/RMSnorm/RMSnorm.runs/bf_mul_synth_1/bf_mul.dcp' has been generated.
INFO: [Vivado 12-24828] Executing command : report_utilization -file bf_mul_utilization_synth.rpt -pb bf_mul_utilization_synth.pb
INFO: [Common 17-206] Exiting Vivado at Tue Oct 28 19:45:12 2025...
