Time resolution is 1 ps
      98304 byte data has been loaded
result file has been opened
Now in batch           0
Now in batch           1
Now in batch           2
Now in batch           3
Now in batch           4
Now in batch           5
Now in batch           6
Now in batch           7
Now in batch           8
Now in batch           9
Now in batch          10
Now in batch          11
Now in batch          12
Now in batch          13
Now in batch          14
Now in batch          15
Now in batch          16
Now in batch          17
Now in batch          18
Now in batch          19
Now in batch          20
Now in batch          21
Now in batch          22
Now in batch          23
Now in batch          24
Now in batch          25
Now in batch          26
Now in batch          27
Now in batch          28
Now in batch          29
Now in batch          30
Now in batch          31
Now in batch          32
Now in batch          33
Now in batch          34
Now in batch          35
Now in batch          36
Now in batch          37
Now in batch          38
Now in batch          39
Now in batch          40
Now in batch          41
Now in batch          42
Now in batch          43
Now in batch          44
Now in batch          45
Now in batch          46
Now in batch          47
Now in batch          48
Now in batch          49
Now in batch          50
Now in batch          51
Now in batch          52
Now in batch          53
Now in batch          54
Now in batch          55
Now in batch          56
Now in batch          57
Now in batch          58
Now in batch          59
Now in batch          60
Now in batch          61
Simulation completed successfully
Now in batch          62
Now in batch          63
$stop called at time : 63675 ns : File "/home/alhua/VivadoProject/RMSnorm/RMSnorm.srcs/sim_1/new/RMS_matrix_tb.v" Line 150
