** Warning: (vlib-34) Library already exists at "modelsim_lib/work".
** Warning: (vlib-34) Library already exists at "modelsim_lib/msim".
** Warning: (vlib-34) Library already exists at "modelsim_lib/msim/xbip_utils_v3_0_14".
** Warning: (vlib-34) Library already exists at "modelsim_lib/msim/c_reg_fd_v12_0_10".
** Warning: (vlib-34) Library already exists at "modelsim_lib/msim/c_shift_ram_v12_0_18".
** Warning: (vlib-34) Library already exists at "modelsim_lib/msim/xil_defaultlib".
** Warning: (vlib-34) Library already exists at "modelsim_lib/msim/axi_utils_v2_0_10".
** Warning: (vlib-34) Library already exists at "modelsim_lib/msim/xbip_pipe_v3_0_10".
** Warning: (vlib-34) Library already exists at "modelsim_lib/msim/xbip_dsp48_wrapper_v3_0_6".
** Warning: (vlib-34) Library already exists at "modelsim_lib/msim/mult_gen_v12_0_22".
** Warning: (vlib-34) Library already exists at "modelsim_lib/msim/floating_point_v7_1_19".
Model Technology ModelSim - Intel FPGA Edition vmap 2020.1 Lib Mapping Utility 2020.02 Feb 28 2020
vmap xbip_utils_v3_0_14 modelsim_lib/msim/xbip_utils_v3_0_14 
Modifying modelsim.ini
Model Technology ModelSim - Intel FPGA Edition vmap 2020.1 Lib Mapping Utility 2020.02 Feb 28 2020
vmap c_reg_fd_v12_0_10 modelsim_lib/msim/c_reg_fd_v12_0_10 
Modifying modelsim.ini
Model Technology ModelSim - Intel FPGA Edition vmap 2020.1 Lib Mapping Utility 2020.02 Feb 28 2020
vmap c_shift_ram_v12_0_18 modelsim_lib/msim/c_shift_ram_v12_0_18 
Modifying modelsim.ini
Model Technology ModelSim - Intel FPGA Edition vmap 2020.1 Lib Mapping Utility 2020.02 Feb 28 2020
vmap xil_defaultlib modelsim_lib/msim/xil_defaultlib 
Modifying modelsim.ini
Model Technology ModelSim - Intel FPGA Edition vmap 2020.1 Lib Mapping Utility 2020.02 Feb 28 2020
vmap axi_utils_v2_0_10 modelsim_lib/msim/axi_utils_v2_0_10 
Modifying modelsim.ini
Model Technology ModelSim - Intel FPGA Edition vmap 2020.1 Lib Mapping Utility 2020.02 Feb 28 2020
vmap xbip_pipe_v3_0_10 modelsim_lib/msim/xbip_pipe_v3_0_10 
Modifying modelsim.ini
Model Technology ModelSim - Intel FPGA Edition vmap 2020.1 Lib Mapping Utility 2020.02 Feb 28 2020
vmap xbip_dsp48_wrapper_v3_0_6 modelsim_lib/msim/xbip_dsp48_wrapper_v3_0_6 
Modifying modelsim.ini
Model Technology ModelSim - Intel FPGA Edition vmap 2020.1 Lib Mapping Utility 2020.02 Feb 28 2020
vmap mult_gen_v12_0_22 modelsim_lib/msim/mult_gen_v12_0_22 
Modifying modelsim.ini
Model Technology ModelSim - Intel FPGA Edition vmap 2020.1 Lib Mapping Utility 2020.02 Feb 28 2020
vmap floating_point_v7_1_19 modelsim_lib/msim/floating_point_v7_1_19 
Modifying modelsim.ini
Model Technology ModelSim - Intel FPGA Edition vcom 2020.1 Compiler 2020.02 Feb 28 2020
Start time: 22:44:03 on Oct 30,2025
vcom -93 -work xbip_utils_v3_0_14 ../../../../RMSnorm.ip_user_files/ipstatic/hdl/xbip_utils_v3_0_vh_rfs.vhd 
-- Loading package STANDARD
End time: 22:44:03 on Oct 30,2025, Elapsed time: 0:00:00
Errors: 0, Warnings: 0
Model Technology ModelSim - Intel FPGA Edition vcom 2020.1 Compiler 2020.02 Feb 28 2020
Start time: 22:44:03 on Oct 30,2025
vcom -93 -work c_reg_fd_v12_0_10 ../../../../RMSnorm.ip_user_files/ipstatic/hdl/c_reg_fd_v12_0_vh_rfs.vhd 
-- Loading package STANDARD
End time: 22:44:03 on Oct 30,2025, Elapsed time: 0:00:00
Errors: 0, Warnings: 0
Model Technology ModelSim - Intel FPGA Edition vcom 2020.1 Compiler 2020.02 Feb 28 2020
Start time: 22:44:03 on Oct 30,2025
vcom -93 -work c_shift_ram_v12_0_18 ../../../../RMSnorm.ip_user_files/ipstatic/hdl/c_shift_ram_v12_0_vh_rfs.vhd 
-- Loading package STANDARD
End time: 22:44:04 on Oct 30,2025, Elapsed time: 0:00:01
Errors: 0, Warnings: 0
Model Technology ModelSim - Intel FPGA Edition vcom 2020.1 Compiler 2020.02 Feb 28 2020
Start time: 22:44:04 on Oct 30,2025
vcom -93 -work xil_defaultlib ../../../../RMSnorm.gen/sources_1/ip/c_shift_ram_0/sim/c_shift_ram_0.vhd 
-- Loading package STANDARD
-- Loading package TEXTIO
-- Loading package std_logic_1164
-- Loading package NUMERIC_STD
-- Compiling entity c_shift_ram_0
-- Compiling architecture c_shift_ram_0_arch of c_shift_ram_0
End time: 22:44:04 on Oct 30,2025, Elapsed time: 0:00:00
Errors: 0, Warnings: 0
Model Technology ModelSim - Intel FPGA Edition vcom 2020.1 Compiler 2020.02 Feb 28 2020
Start time: 22:44:04 on Oct 30,2025
vcom -93 -work axi_utils_v2_0_10 ../../../../RMSnorm.ip_user_files/ipstatic/hdl/axi_utils_v2_0_vh_rfs.vhd 
-- Loading package STANDARD
End time: 22:44:04 on Oct 30,2025, Elapsed time: 0:00:00
Errors: 0, Warnings: 0
Model Technology ModelSim - Intel FPGA Edition vcom 2020.1 Compiler 2020.02 Feb 28 2020
Start time: 22:44:04 on Oct 30,2025
vcom -93 -work xbip_pipe_v3_0_10 ../../../../RMSnorm.ip_user_files/ipstatic/hdl/xbip_pipe_v3_0_vh_rfs.vhd 
-- Loading package STANDARD
End time: 22:44:04 on Oct 30,2025, Elapsed time: 0:00:00
Errors: 0, Warnings: 0
Model Technology ModelSim - Intel FPGA Edition vcom 2020.1 Compiler 2020.02 Feb 28 2020
Start time: 22:44:04 on Oct 30,2025
vcom -93 -work xbip_dsp48_wrapper_v3_0_6 ../../../../RMSnorm.ip_user_files/ipstatic/hdl/xbip_dsp48_wrapper_v3_0_vh_rfs.vhd 
-- Loading package STANDARD
End time: 22:44:05 on Oct 30,2025, Elapsed time: 0:00:01
Errors: 0, Warnings: 0
Model Technology ModelSim - Intel FPGA Edition vcom 2020.1 Compiler 2020.02 Feb 28 2020
Start time: 22:44:05 on Oct 30,2025
vcom -93 -work mult_gen_v12_0_22 ../../../../RMSnorm.ip_user_files/ipstatic/hdl/mult_gen_v12_0_vh_rfs.vhd 
-- Loading package STANDARD
End time: 22:44:06 on Oct 30,2025, Elapsed time: 0:00:01
Errors: 0, Warnings: 0
Model Technology ModelSim - Intel FPGA Edition vcom 2020.1 Compiler 2020.02 Feb 28 2020
Start time: 22:44:06 on Oct 30,2025
vcom -93 -work floating_point_v7_1_19 ../../../../RMSnorm.ip_user_files/ipstatic/hdl/floating_point_v7_1_rfs.vhd 
-- Loading package STANDARD
End time: 22:44:08 on Oct 30,2025, Elapsed time: 0:00:02
Errors: 0, Warnings: 0
Model Technology ModelSim - Intel FPGA Edition vlog 2020.1 Compiler 2020.02 Feb 28 2020
Start time: 22:44:08 on Oct 30,2025
vlog -incr -mfcu -work floating_point_v7_1_19 ../../../../RMSnorm.ip_user_files/ipstatic/hdl/floating_point_v7_1_rfs.v 

Top level modules:
End time: 22:44:08 on Oct 30,2025, Elapsed time: 0:00:00
Errors: 0, Warnings: 0
Model Technology ModelSim - Intel FPGA Edition vlog 2020.1 Compiler 2020.02 Feb 28 2020
Start time: 22:44:08 on Oct 30,2025
vlog -incr -mfcu -work xil_defaultlib ../../../../MinimumSystem.gen/sources_1/ip/bf_mul/sim/bf_mul.v ../../../../Activation_accelerator.gen/sources_1/ip/floating_point_2/sim/floating_point_2.v ../../../../Activation_accelerator.gen/sources_1/ip/floating_point_1/sim/floating_point_1.v ../../../../RMSnorm.srcs/sources_1/new/add8.v ../../../../RMSnorm.srcs/sources_1/new/gen_tlast.v ../../../../RMSnorm.srcs/sources_1/new/parallel_squarev2.v ../../../../RMSnorm.srcs/sources_1/new/squaresum_acc.v ../../../../RMSnorm.srcs/sources_1/new/sum_align.v ../../../../RMSnorm.srcs/sources_1/new/sum_keep.v ../../../../RMSnorm.srcs/sources_1/new/rms_sum_topv2.v ../../../../MinimumSystem.gen/sources_1/ip/bf_sub/sim/bf_sub.v ../../../../RMSnorm.gen/sources_1/ip/bf_add/sim/bf_add.v 
-- Skipping module bf_mul
-- Skipping module floating_point_2
-- Skipping module floating_point_1
-- Skipping module add8
-- Skipping module gen_tlast
-- Skipping module parallel_squarev2
-- Skipping module squaresum_acc
-- Skipping module sum_align
-- Skipping module sum_keep
-- Skipping module rms_sum_topv2
-- Skipping module bf_sub
-- Skipping module bf_add

Top level modules:
	rms_sum_topv2
	bf_sub
	bf_add
End time: 22:44:08 on Oct 30,2025, Elapsed time: 0:00:00
Errors: 0, Warnings: 0
Model Technology ModelSim - Intel FPGA Edition vcom 2020.1 Compiler 2020.02 Feb 28 2020
Start time: 22:44:08 on Oct 30,2025
vcom -93 -work xil_defaultlib ../../../../MinimumSystem.gen/sources_1/ip/c_shift_ram_3/sim/c_shift_ram_3.vhd 
-- Loading package STANDARD
-- Loading package TEXTIO
-- Loading package std_logic_1164
-- Loading package NUMERIC_STD
-- Compiling entity c_shift_ram_3
-- Compiling architecture c_shift_ram_3_arch of c_shift_ram_3
End time: 22:44:08 on Oct 30,2025, Elapsed time: 0:00:00
Errors: 0, Warnings: 0
Model Technology ModelSim - Intel FPGA Edition vlog 2020.1 Compiler 2020.02 Feb 28 2020
Start time: 22:44:08 on Oct 30,2025
vlog -incr -mfcu -work xil_defaultlib ../../../../RMSnorm.srcs/sources_1/new/bf_fifo.v ../../../../RMSnorm.srcs/sources_1/new/inv_fifo.v ../../../../RMSnorm.srcs/sources_1/new/inv_sqrt.v ../../../../RMSnorm.srcs/sources_1/new/inv_sqrt_top.v ../../../../RMSnorm.srcs/sources_1/new/rms_norm_top.v ../../../../RMSnorm.ip_user_files/bd/RMSnormv2/ip/RMSnormv2_rms_sum_topv2_0_0/sim/RMSnormv2_rms_sum_topv2_0_0.v ../../../../RMSnorm.ip_user_files/bd/RMSnormv2/ip/RMSnormv2_rms_norm_top_0_0/sim/RMSnormv2_rms_norm_top_0_0.v ../../../../RMSnorm.ip_user_files/bd/RMSnormv2/sim/RMSnormv2.v ../../../../RMSnorm.gen/sources_1/bd/RMSnormv2/hdl/RMSnormv2_wrapper.v ../../../../RMSnorm.srcs/sim_1/new/RMS_matrix_tb.v 
-- Skipping module bf_fifo
-- Skipping module inv_fifo
-- Skipping module inv_sqrt
-- Skipping module inv_sqrt_top
-- Skipping module rms_norm_top
-- Skipping module RMSnormv2_rms_sum_topv2_0_0
-- Skipping module RMSnormv2_rms_norm_top_0_0
-- Skipping module RMSnormv2
-- Skipping module RMSnormv2_wrapper
-- Compiling module matrix_tb

Top level modules:
	matrix_tb
End time: 22:44:08 on Oct 30,2025, Elapsed time: 0:00:00
Errors: 0, Warnings: 0
Model Technology ModelSim - Intel FPGA Edition vlog 2020.1 Compiler 2020.02 Feb 28 2020
Start time: 22:44:08 on Oct 30,2025
vlog -work xil_defaultlib glbl.v 
-- Compiling module glbl

Top level modules:
	glbl
End time: 22:44:08 on Oct 30,2025, Elapsed time: 0:00:00
Errors: 0, Warnings: 0
