
*** Running vivado
    with args -log RMSnorm_wrapper.vds -m64 -product Vivado -mode batch -messageDb vivado.pb -notrace -source RMSnorm_wrapper.tcl


****** Vivado v2024.2 (64-bit)
  **** SW Build 5239630 on Fri Nov 08 22:34:34 MST 2024
  **** IP Build 5239520 on Sun Nov 10 16:12:51 MST 2024
  **** SharedData Build 5239561 on Fri Nov 08 14:39:27 MST 2024
  **** Start of session at: Sun Oct 26 04:07:14 2025
    ** Copyright 1986-2022 Xilinx, Inc. All Rights Reserved.
    ** Copyright 2022-2024 Advanced Micro Devices, Inc. All Rights Reserved.

source RMSnorm_wrapper.tcl -notrace
INFO: [IP_Flow 19-234] Refreshing IP repositories
INFO: [IP_Flow 19-1704] No user IP repositories specified
INFO: [IP_Flow 19-2313] Loaded Vivado IP repository '/home/alhua/vivado/Vivado/2024.2/data/ip'.
Command: read_checkpoint -auto_incremental -incremental /home/alhua/VivadoProject/RMSnorm/RMSnorm.srcs/utils_1/imports/synth_1/inv_sqrt_top.dcp
INFO: [Vivado 12-5825] Read reference checkpoint from /home/alhua/VivadoProject/RMSnorm/RMSnorm.srcs/utils_1/imports/synth_1/inv_sqrt_top.dcp for incremental synthesis
INFO: [Vivado 12-7989] Please ensure there are no constraint changes
Command: synth_design -top RMSnorm_wrapper -part xc7z010iclg225-1L
Starting synth_design
Attempting to get a license for feature 'Synthesis' and/or device 'xc7z010i'
INFO: [Common 17-349] Got license for feature 'Synthesis' and/or device 'xc7z010i'
INFO: [Device 21-403] Loading part xc7z010iclg225-1L
INFO: [Designutils 20-5440] No compile time benefit to using incremental synthesis; A full resynthesis will be run
INFO: [Designutils 20-4379] Flow is switching to default flow due to incremental criteria not met. If you would like to alter this behaviour and have the flow terminate instead, please set the following parameter config_implementation {autoIncr.Synth.RejectBehavior Terminate}
INFO: [Synth 8-7079] Multithreading enabled for synth_design using a maximum of 7 processes.
INFO: [Synth 8-7078] Launching helper process for spawning children vivado processes
INFO: [Synth 8-7075] Helper process launched with PID 30050
---------------------------------------------------------------------------------
Starting RTL Elaboration : Time (s): cpu = 00:00:02 ; elapsed = 00:00:02 . Memory (MB): peak = 1930.383 ; gain = 281.367 ; free physical = 2509 ; free virtual = 7760
---------------------------------------------------------------------------------
INFO: [Synth 8-6157] synthesizing module 'RMSnorm_wrapper' [/home/alhua/VivadoProject/RMSnorm/RMSnorm.gen/sources_1/bd/RMSnorm/hdl/RMSnorm_wrapper.v:13]
INFO: [Synth 8-6157] synthesizing module 'RMSnorm' [/home/alhua/VivadoProject/RMSnorm/RMSnorm.gen/sources_1/bd/RMSnorm/synth/RMSnorm.v:13]
INFO: [Synth 8-6157] synthesizing module 'RMSnorm_rms_norm_top_0_0' [/home/alhua/VivadoProject/RMSnorm/RMSnorm.runs/synth_1/.Xil/Vivado-29995-Hua/realtime/RMSnorm_rms_norm_top_0_0_stub.v:6]
INFO: [Synth 8-6155] done synthesizing module 'RMSnorm_rms_norm_top_0_0' (0#1) [/home/alhua/VivadoProject/RMSnorm/RMSnorm.runs/synth_1/.Xil/Vivado-29995-Hua/realtime/RMSnorm_rms_norm_top_0_0_stub.v:6]
INFO: [Synth 8-6157] synthesizing module 'RMSnorm_rms_sum_top_0_0' [/home/alhua/VivadoProject/RMSnorm/RMSnorm.runs/synth_1/.Xil/Vivado-29995-Hua/realtime/RMSnorm_rms_sum_top_0_0_stub.v:6]
INFO: [Synth 8-6155] done synthesizing module 'RMSnorm_rms_sum_top_0_0' (0#1) [/home/alhua/VivadoProject/RMSnorm/RMSnorm.runs/synth_1/.Xil/Vivado-29995-Hua/realtime/RMSnorm_rms_sum_top_0_0_stub.v:6]
WARNING: [Synth 8-7071] port 'M_AXIS_TLAST' of module 'RMSnorm_rms_sum_top_0_0' is unconnected for instance 'rms_sum_top_0' [/home/alhua/VivadoProject/RMSnorm/RMSnorm.gen/sources_1/bd/RMSnorm/synth/RMSnorm.v:53]
WARNING: [Synth 8-7023] instance 'rms_sum_top_0' of module 'RMSnorm_rms_sum_top_0_0' has 9 connections declared, but only 8 given [/home/alhua/VivadoProject/RMSnorm/RMSnorm.gen/sources_1/bd/RMSnorm/synth/RMSnorm.v:53]
INFO: [Synth 8-6155] done synthesizing module 'RMSnorm' (0#1) [/home/alhua/VivadoProject/RMSnorm/RMSnorm.gen/sources_1/bd/RMSnorm/synth/RMSnorm.v:13]
INFO: [Synth 8-6155] done synthesizing module 'RMSnorm_wrapper' (0#1) [/home/alhua/VivadoProject/RMSnorm/RMSnorm.gen/sources_1/bd/RMSnorm/hdl/RMSnorm_wrapper.v:13]
---------------------------------------------------------------------------------
Finished RTL Elaboration : Time (s): cpu = 00:00:03 ; elapsed = 00:00:03 . Memory (MB): peak = 2003.320 ; gain = 354.305 ; free physical = 2425 ; free virtual = 7675
---------------------------------------------------------------------------------
---------------------------------------------------------------------------------
Start Handling Custom Attributes
---------------------------------------------------------------------------------
---------------------------------------------------------------------------------
Finished Handling Custom Attributes : Time (s): cpu = 00:00:03 ; elapsed = 00:00:03 . Memory (MB): peak = 2018.164 ; gain = 369.148 ; free physical = 2425 ; free virtual = 7675
---------------------------------------------------------------------------------
---------------------------------------------------------------------------------
Finished RTL Optimization Phase 1 : Time (s): cpu = 00:00:03 ; elapsed = 00:00:03 . Memory (MB): peak = 2018.164 ; gain = 369.148 ; free physical = 2425 ; free virtual = 7675
---------------------------------------------------------------------------------
Netlist sorting complete. Time (s): cpu = 00:00:00 ; elapsed = 00:00:00.01 . Memory (MB): peak = 2018.164 ; gain = 0.000 ; free physical = 2425 ; free virtual = 7675
INFO: [Project 1-570] Preparing netlist for logic optimization

Processing XDC Constraints
Initializing timing engine
Parsing XDC File [/home/alhua/VivadoProject/RMSnorm/RMSnorm.gen/sources_1/bd/RMSnorm/ip/RMSnorm_rms_sum_top_0_0/RMSnorm_rms_sum_top_0_0/RMSnorm_rms_sum_top_0_0_in_context.xdc] for cell 'RMSnorm_i/rms_sum_top_0'
Finished Parsing XDC File [/home/alhua/VivadoProject/RMSnorm/RMSnorm.gen/sources_1/bd/RMSnorm/ip/RMSnorm_rms_sum_top_0_0/RMSnorm_rms_sum_top_0_0/RMSnorm_rms_sum_top_0_0_in_context.xdc] for cell 'RMSnorm_i/rms_sum_top_0'
Parsing XDC File [/home/alhua/VivadoProject/RMSnorm/RMSnorm.gen/sources_1/bd/RMSnorm/ip/RMSnorm_rms_norm_top_0_0/RMSnorm_rms_norm_top_0_0/RMSnorm_rms_norm_top_0_0_in_context.xdc] for cell 'RMSnorm_i/rms_norm_top_0'
Finished Parsing XDC File [/home/alhua/VivadoProject/RMSnorm/RMSnorm.gen/sources_1/bd/RMSnorm/ip/RMSnorm_rms_norm_top_0_0/RMSnorm_rms_norm_top_0_0/RMSnorm_rms_norm_top_0_0_in_context.xdc] for cell 'RMSnorm_i/rms_norm_top_0'
Parsing XDC File [/home/alhua/VivadoProject/RMSnorm/RMSnorm.runs/synth_1/dont_touch.xdc]
Finished Parsing XDC File [/home/alhua/VivadoProject/RMSnorm/RMSnorm.runs/synth_1/dont_touch.xdc]
Completed Processing XDC Constraints

Netlist sorting complete. Time (s): cpu = 00:00:00 ; elapsed = 00:00:00 . Memory (MB): peak = 2067.090 ; gain = 0.000 ; free physical = 2427 ; free virtual = 7677
INFO: [Project 1-111] Unisim Transformation Summary:
No Unisim elements were transformed.

Constraint Validation Runtime : Time (s): cpu = 00:00:00 ; elapsed = 00:00:00 . Memory (MB): peak = 2067.090 ; gain = 0.000 ; free physical = 2427 ; free virtual = 7677
INFO: [Designutils 20-5440] No compile time benefit to using incremental synthesis; A full resynthesis will be run
INFO: [Designutils 20-4379] Flow is switching to default flow due to incremental criteria not met. If you would like to alter this behaviour and have the flow terminate instead, please set the following parameter config_implementation {autoIncr.Synth.RejectBehavior Terminate}
---------------------------------------------------------------------------------
Finished Constraint Validation : Time (s): cpu = 00:00:06 ; elapsed = 00:00:06 . Memory (MB): peak = 2067.090 ; gain = 418.074 ; free physical = 2519 ; free virtual = 7768
---------------------------------------------------------------------------------
---------------------------------------------------------------------------------
Start Loading Part and Timing Information
---------------------------------------------------------------------------------
Loading part: xc7z010iclg225-1L
---------------------------------------------------------------------------------
Finished Loading Part and Timing Information : Time (s): cpu = 00:00:06 ; elapsed = 00:00:06 . Memory (MB): peak = 2075.094 ; gain = 426.078 ; free physical = 2519 ; free virtual = 7768
---------------------------------------------------------------------------------
---------------------------------------------------------------------------------
Start Applying 'set_property' XDC Constraints
---------------------------------------------------------------------------------
Applied set_property KEEP_HIERARCHY = SOFT for RMSnorm_i. (constraint file  auto generated constraint).
Applied set_property KEEP_HIERARCHY = SOFT for RMSnorm_i/rms_sum_top_0. (constraint file  auto generated constraint).
Applied set_property KEEP_HIERARCHY = SOFT for RMSnorm_i/rms_norm_top_0. (constraint file  auto generated constraint).
---------------------------------------------------------------------------------
Finished applying 'set_property' XDC Constraints : Time (s): cpu = 00:00:06 ; elapsed = 00:00:06 . Memory (MB): peak = 2075.094 ; gain = 426.078 ; free physical = 2519 ; free virtual = 7768
---------------------------------------------------------------------------------
---------------------------------------------------------------------------------
Finished RTL Optimization Phase 2 : Time (s): cpu = 00:00:06 ; elapsed = 00:00:06 . Memory (MB): peak = 2075.094 ; gain = 426.078 ; free physical = 2519 ; free virtual = 7769
---------------------------------------------------------------------------------
---------------------------------------------------------------------------------
Start RTL Component Statistics 
---------------------------------------------------------------------------------
Detailed RTL Component Info : 
---------------------------------------------------------------------------------
Finished RTL Component Statistics 
---------------------------------------------------------------------------------
---------------------------------------------------------------------------------
Start Part Resource Summary
---------------------------------------------------------------------------------
Part Resources:
DSPs: 80 (col length:40)
BRAMs: 120 (col length: RAMB18 40 RAMB36 20)
---------------------------------------------------------------------------------
Finished Part Resource Summary
---------------------------------------------------------------------------------
---------------------------------------------------------------------------------
Start Cross Boundary and Area Optimization
---------------------------------------------------------------------------------
WARNING: [Synth 8-7080] Parallel synthesis criteria is not met
---------------------------------------------------------------------------------
Finished Cross Boundary and Area Optimization : Time (s): cpu = 00:00:06 ; elapsed = 00:00:06 . Memory (MB): peak = 2075.094 ; gain = 426.078 ; free physical = 2521 ; free virtual = 7776
---------------------------------------------------------------------------------
---------------------------------------------------------------------------------
Start Applying XDC Timing Constraints
---------------------------------------------------------------------------------
---------------------------------------------------------------------------------
Finished Applying XDC Timing Constraints : Time (s): cpu = 00:00:09 ; elapsed = 00:00:09 . Memory (MB): peak = 2150.094 ; gain = 501.078 ; free physical = 2435 ; free virtual = 7689
---------------------------------------------------------------------------------
---------------------------------------------------------------------------------
Start Timing Optimization
---------------------------------------------------------------------------------
---------------------------------------------------------------------------------
Finished Timing Optimization : Time (s): cpu = 00:00:09 ; elapsed = 00:00:09 . Memory (MB): peak = 2150.094 ; gain = 501.078 ; free physical = 2435 ; free virtual = 7689
---------------------------------------------------------------------------------
---------------------------------------------------------------------------------
Start Technology Mapping
---------------------------------------------------------------------------------
---------------------------------------------------------------------------------
Finished Technology Mapping : Time (s): cpu = 00:00:09 ; elapsed = 00:00:09 . Memory (MB): peak = 2160.109 ; gain = 511.094 ; free physical = 2427 ; free virtual = 7682
---------------------------------------------------------------------------------
---------------------------------------------------------------------------------
Start IO Insertion
---------------------------------------------------------------------------------
---------------------------------------------------------------------------------
Start Flattening Before IO Insertion
---------------------------------------------------------------------------------
---------------------------------------------------------------------------------
Finished Flattening Before IO Insertion
---------------------------------------------------------------------------------
---------------------------------------------------------------------------------
Start Final Netlist Cleanup
---------------------------------------------------------------------------------
---------------------------------------------------------------------------------
Finished Final Netlist Cleanup
---------------------------------------------------------------------------------
---------------------------------------------------------------------------------
Finished IO Insertion : Time (s): cpu = 00:00:10 ; elapsed = 00:00:10 . Memory (MB): peak = 2331.891 ; gain = 682.875 ; free physical = 2288 ; free virtual = 7543
---------------------------------------------------------------------------------
---------------------------------------------------------------------------------
Start Renaming Generated Instances
---------------------------------------------------------------------------------
---------------------------------------------------------------------------------
Finished Renaming Generated Instances : Time (s): cpu = 00:00:10 ; elapsed = 00:00:10 . Memory (MB): peak = 2331.891 ; gain = 682.875 ; free physical = 2288 ; free virtual = 7543
---------------------------------------------------------------------------------
---------------------------------------------------------------------------------
Start Rebuilding User Hierarchy
---------------------------------------------------------------------------------
---------------------------------------------------------------------------------
Finished Rebuilding User Hierarchy : Time (s): cpu = 00:00:10 ; elapsed = 00:00:10 . Memory (MB): peak = 2331.891 ; gain = 682.875 ; free physical = 2288 ; free virtual = 7543
---------------------------------------------------------------------------------
---------------------------------------------------------------------------------
Start Renaming Generated Ports
---------------------------------------------------------------------------------
---------------------------------------------------------------------------------
Finished Renaming Generated Ports : Time (s): cpu = 00:00:10 ; elapsed = 00:00:10 . Memory (MB): peak = 2331.891 ; gain = 682.875 ; free physical = 2288 ; free virtual = 7543
---------------------------------------------------------------------------------
---------------------------------------------------------------------------------
Start Handling Custom Attributes
---------------------------------------------------------------------------------
---------------------------------------------------------------------------------
Finished Handling Custom Attributes : Time (s): cpu = 00:00:10 ; elapsed = 00:00:10 . Memory (MB): peak = 2331.891 ; gain = 682.875 ; free physical = 2288 ; free virtual = 7543
---------------------------------------------------------------------------------
---------------------------------------------------------------------------------
Start Renaming Generated Nets
---------------------------------------------------------------------------------
---------------------------------------------------------------------------------
Finished Renaming Generated Nets : Time (s): cpu = 00:00:10 ; elapsed = 00:00:10 . Memory (MB): peak = 2331.891 ; gain = 682.875 ; free physical = 2288 ; free virtual = 7543
---------------------------------------------------------------------------------
---------------------------------------------------------------------------------
Start Writing Synthesis Report
---------------------------------------------------------------------------------

Report BlackBoxes: 
+------+-------------------------+----------+
|      |BlackBox name            |Instances |
+------+-------------------------+----------+
|1     |RMSnorm_rms_norm_top_0_0 |         1|
|2     |RMSnorm_rms_sum_top_0_0  |         1|
+------+-------------------------+----------+

Report Cell Usage: 
+------+-----------------------+------+
|      |Cell                   |Count |
+------+-----------------------+------+
|1     |RMSnorm_rms_norm_top_0 |     1|
|2     |RMSnorm_rms_sum_top_0  |     1|
|3     |IBUF                   |   132|
|4     |OBUF                   |   130|
+------+-----------------------+------+
---------------------------------------------------------------------------------
Finished Writing Synthesis Report : Time (s): cpu = 00:00:10 ; elapsed = 00:00:10 . Memory (MB): peak = 2331.891 ; gain = 682.875 ; free physical = 2288 ; free virtual = 7543
---------------------------------------------------------------------------------
Synthesis finished with 0 errors, 0 critical warnings and 1 warnings.
Synthesis Optimization Runtime : Time (s): cpu = 00:00:10 ; elapsed = 00:00:10 . Memory (MB): peak = 2331.891 ; gain = 633.949 ; free physical = 2288 ; free virtual = 7543
Synthesis Optimization Complete : Time (s): cpu = 00:00:10 ; elapsed = 00:00:10 . Memory (MB): peak = 2331.898 ; gain = 682.875 ; free physical = 2288 ; free virtual = 7543
INFO: [Project 1-571] Translating synthesized netlist
Netlist sorting complete. Time (s): cpu = 00:00:02 ; elapsed = 00:00:00 . Memory (MB): peak = 2331.898 ; gain = 0.000 ; free physical = 2450 ; free virtual = 7705
INFO: [Project 1-570] Preparing netlist for logic optimization
INFO: [Opt 31-138] Pushed 0 inverter(s) to 0 load pin(s).
Netlist sorting complete. Time (s): cpu = 00:00:00 ; elapsed = 00:00:00 . Memory (MB): peak = 2331.898 ; gain = 0.000 ; free physical = 2443 ; free virtual = 7697
INFO: [Project 1-111] Unisim Transformation Summary:
No Unisim elements were transformed.

Synth Design complete | Checksum: 1431d9a0
INFO: [Common 17-83] Releasing license: Synthesis
29 Infos, 3 Warnings, 0 Critical Warnings and 0 Errors encountered.
synth_design completed successfully
synth_design: Time (s): cpu = 00:00:16 ; elapsed = 00:00:15 . Memory (MB): peak = 2331.898 ; gain = 890.984 ; free physical = 2443 ; free virtual = 7697
INFO: [Common 17-2834] synth_design peak Physical Memory [PSS] (MB): overall = 1707.335; main = 1531.000; forked = 264.982
INFO: [Common 17-2834] synth_design peak Virtual Memory [VSS] (MB): overall = 3193.906; main = 2331.895; forked = 924.793
Write ShapeDB Complete: Time (s): cpu = 00:00:00 ; elapsed = 00:00:00 . Memory (MB): peak = 2355.902 ; gain = 0.000 ; free physical = 2443 ; free virtual = 7697
INFO: [Common 17-1381] The checkpoint '/home/alhua/VivadoProject/RMSnorm/RMSnorm.runs/synth_1/RMSnorm_wrapper.dcp' has been generated.
INFO: [Vivado 12-24828] Executing command : report_utilization -file RMSnorm_wrapper_utilization_synth.rpt -pb RMSnorm_wrapper_utilization_synth.pb
INFO: [Common 17-206] Exiting Vivado at Sun Oct 26 04:07:31 2025...
